This file contains any messages produced by compilers while
running configure, to aid debugging if configure makes a mistake.

It was created by Berkeley DB configure 4.8.30, which was
generated by GNU Autoconf 2.65.  Invocation command line was

  $ ./configure 

## --------- ##
## Platform. ##
## --------- ##

hostname = catalan
uname -m = x86_64
uname -r = 4.13.2-1-ARCH
uname -s = Linux
uname -v = #1 SMP PREEMPT Thu Sep 14 02:57:34 UTC 2017

/usr/bin/uname -p = unknown
/bin/uname -X     = unknown

/bin/arch              = unknown
/usr/bin/arch -k       = unknown
/usr/convex/getsysinfo = unknown
/usr/bin/hostinfo      = unknown
/bin/machine           = unknown
/usr/bin/oslevel       = unknown
/bin/universe          = unknown

PATH: /home/jbg/.local/bin
PATH: /home/jbg/.cargo/bin
PATH: /home/jbg/dev/depot_tools
PATH: /home/jbg/dev/mates.rs/target/release
PATH: /home/jbg/.gem/ruby/2.4.0/bin
PATH: /home/jbg/dev/android/platform-tools
PATH: /home/jbg/.rustup/toolchains/nightly-x86_64-unknown-linux-gnu
PATH: /home/jbg/.local/bin
PATH: /home/jbg/.cargo/bin
PATH: /home/jbg/dev/depot_tools
PATH: /home/jbg/dev/mates.rs/target/release
PATH: /home/jbg/.gem/ruby/2.4.0/bin
PATH: /home/jbg/dev/android/platform-tools
PATH: /home/jbg/.rustup/toolchains/nightly-x86_64-unknown-linux-gnu
PATH: /usr/bin
PATH: /usr/local/sbin
PATH: /usr/local/bin
PATH: /usr/lib/jvm/default/bin
PATH: /usr/bin/site_perl
PATH: /usr/bin/vendor_perl
PATH: /usr/bin/core_perl


## ----------- ##
## Core tests. ##
## ----------- ##

configure:2900: checking build system type
configure:2914: result: x86_64-unknown-linux-gnu
configure:2934: checking host system type
configure:2947: result: x86_64-unknown-linux-gnu
configure:2979: checking if building in the top-level or dist directories
configure:2982: result: yes
configure:2987: error: Berkeley DB should not be built in the top-level or "dist" directories. Change directory to the build_unix directory and run ../dist/configure from there.

## ---------------- ##
## Cache variables. ##
## ---------------- ##

ac_cv_build=x86_64-unknown-linux-gnu
ac_cv_env_CCC_set=
ac_cv_env_CCC_value=
ac_cv_env_CC_set=
ac_cv_env_CC_value=
ac_cv_env_CFLAGS_set=
ac_cv_env_CFLAGS_value=
ac_cv_env_CPPFLAGS_set=
ac_cv_env_CPPFLAGS_value=
ac_cv_env_CPP_set=
ac_cv_env_CPP_value=
ac_cv_env_CXXCPP_set=
ac_cv_env_CXXCPP_value=
ac_cv_env_CXXFLAGS_set=
ac_cv_env_CXXFLAGS_value=
ac_cv_env_CXX_set=
ac_cv_env_CXX_value=
ac_cv_env_LDFLAGS_set=
ac_cv_env_LDFLAGS_value=
ac_cv_env_LIBS_set=
ac_cv_env_LIBS_value=
ac_cv_env_build_alias_set=
ac_cv_env_build_alias_value=
ac_cv_env_host_alias_set=
ac_cv_env_host_alias_value=
ac_cv_env_target_alias_set=
ac_cv_env_target_alias_value=
ac_cv_host=x86_64-unknown-linux-gnu

## ----------------- ##
## Output variables. ##
## ----------------- ##

ADDITIONAL_INCS=''
ADDITIONAL_LANG=''
ADDITIONAL_OBJS=''
ADDITIONAL_PROGS=''
AR=''
BUILD_TARGET=''
CC=''
CCC=''
CFLAGS=''
CHMOD=''
CONFIGURATION_ARGS=''
CONFIGURATION_PATH=''
CP=''
CPP=''
CPPFLAGS=''
CRYPTO_OBJS=''
CXX=''
CXXCPP=''
CXXFLAGS=''
DB_CONST=''
DB_PROTO1=''
DB_PROTO2=''
DB_VERSION_MAJOR=''
DB_VERSION_MINOR=''
DB_VERSION_PATCH=''
DB_VERSION_STRING=''
DB_VERSION_UNIQUE_NAME=''
DEFAULT_LIB=''
DEFAULT_LIB_CXX=''
DEFAULT_LIB_STL=''
DEFS=''
DSYMUTIL=''
DUMPBIN=''
ECHO_C=''
ECHO_N='-n'
ECHO_T=''
EGREP=''
EXEEXT=''
FGREP=''
FILE_t_decl=''
GREP=''
INSTALLER=''
INSTALL_DATA=''
INSTALL_LIBS=''
INSTALL_PROGRAM=''
INSTALL_SCRIPT=''
INSTALL_TARGET=''
INT64_FMT=''
JAR=''
JAVA=''
JAVAC=''
JAVACFLAGS=''
JMODSUFFIX=''
KILL=''
LD=''
LDFLAGS=''
LIBCSO_LIBS=''
LIBJSO_LIBS=''
LIBOBJS=''
LIBS=''
LIBSO_LIBS=''
LIBTOOL=''
LIBTSO_LIBS=''
LIBTSO_MODSUFFIX=''
LIBTSO_MODULE=''
LIBXSO_LIBS=''
LIPO=''
LN=''
LN_S=''
LTLIBOBJS=''
MAKEFILE_CC=''
MAKEFILE_CCLINK=''
MAKEFILE_CXX=''
MAKEFILE_CXXLINK=''
MAKEFILE_SOLINK=''
MAKEFILE_XSOLINK=''
MKDIR=''
MODSUFFIX=''
NM=''
NMEDIT=''
OBJDUMP=''
OBJEXT=''
OSDIR=''
OTOOL64=''
OTOOL=''
PACKAGE_BUGREPORT='Oracle Technology Network Berkeley DB forum'
PACKAGE_NAME='Berkeley DB'
PACKAGE_STRING='Berkeley DB 4.8.30'
PACKAGE_TARNAME='db-4.8.30'
PACKAGE_URL=''
PACKAGE_VERSION='4.8.30'
PATH_SEPARATOR=':'
POSTLINK=''
RANLIB=''
REPLACEMENT_OBJS=''
RM=''
RPCGEN=''
RPC_CLIENT_OBJS=''
RPC_SERVER_H=''
SED=''
SHELL='/bin/sh'
SOFLAGS=''
SOSUFFIX=''
STRIP=''
SWIGCFLAGS=''
TCL_BIN_DIR=''
TCL_INCLUDE_SPEC=''
TCL_LIB_FILE=''
TCL_SRC_DIR=''
TCL_TCLSH=''
TEST_LIBS=''
TLS_decl=''
TLS_defn=''
UINT64_FMT=''
WSTRING_decl=''
_ACJNI_JAVAC=''
ac_ct_CC=''
ac_ct_CXX=''
ac_ct_DUMPBIN=''
bindir='${exec_prefix}/bin'
build='x86_64-unknown-linux-gnu'
build_alias=''
build_cpu='x86_64'
build_os='linux-gnu'
build_vendor='unknown'
cxx_have_stdheaders=''
datadir='${datarootdir}'
datarootdir='${prefix}/share'
db_cv_path_sh=''
db_int_def=''
db_seq_decl=''
db_threadid_t_decl=''
docdir='${datarootdir}/doc/${PACKAGE_TARNAME}'
dvidir='${docdir}'
exec_prefix='NONE'
host='x86_64-unknown-linux-gnu'
host_alias=''
host_cpu='x86_64'
host_os='linux-gnu'
host_vendor='unknown'
htmldir='${docdir}'
includedir='${prefix}/include'
infodir='${datarootdir}/info'
int16_decl=''
int32_decl=''
int64_decl=''
inttypes_h_decl=''
libdir='${exec_prefix}/lib'
libexecdir='${exec_prefix}/libexec'
localedir='${datarootdir}/locale'
localstatedir='${prefix}/var'
lt_ECHO='echo'
mandir='${datarootdir}/man'
o=''
off_t_decl=''
oldincludedir='/usr/include'
pdfdir='${docdir}'
pid_t_decl=''
platform_footer=''
platform_header=''
prefix='NONE'
program_transform_name='s,x,x,'
psdir='${docdir}'
sbindir='${exec_prefix}/sbin'
sharedstatedir='${prefix}/com'
size_t_decl=''
ssize_t_decl=''
stddef_h_decl=''
stdint_h_decl=''
sysconfdir='${prefix}/etc'
target_alias=''
thread_h_decl=''
time_t_decl=''
u_char_decl=''
u_int16_decl=''
u_int32_decl=''
u_int64_decl=''
u_int8_decl=''
u_int_decl=''
u_long_decl=''
u_short_decl=''
uintmax_t_decl=''
uintptr_t_decl=''
unistd_h_decl=''
uudecode=''

## ----------- ##
## confdefs.h. ##
## ----------- ##

/* confdefs.h */
#define PACKAGE_NAME "Berkeley DB"
#define PACKAGE_TARNAME "db-4.8.30"
#define PACKAGE_VERSION "4.8.30"
#define PACKAGE_STRING "Berkeley DB 4.8.30"
#define PACKAGE_BUGREPORT "Oracle Technology Network Berkeley DB forum"
#define PACKAGE_URL ""

configure: exit 1
